[debug] [2021-06-17T09:17:31.280Z] ----------------------------------------------------------------------
[debug] [2021-06-17T09:17:31.283Z] Command:       /usr/local/bin/firebase /Users/clecardona/.cache/firebase/tools/lib/node_modules/firebase-tools/lib/bin/firebase deploy
[debug] [2021-06-17T09:17:31.283Z] CLI Version:   9.12.1
[debug] [2021-06-17T09:17:31.284Z] Platform:      darwin
[debug] [2021-06-17T09:17:31.284Z] Node Version:  v12.18.1
[debug] [2021-06-17T09:17:31.292Z] Time:          Thu Jun 17 2021 11:17:31 GMT+0200 (Central European Summer Time)
[debug] [2021-06-17T09:17:31.292Z] ----------------------------------------------------------------------
[debug] 
[debug] [2021-06-17T09:17:31.304Z] > command requires scopes: ["email","openid","https://www.googleapis.com/auth/cloudplatformprojects.readonly","https://www.googleapis.com/auth/firebase","https://www.googleapis.com/auth/cloud-platform"]
[debug] [2021-06-17T09:17:31.304Z] > authorizing via signed-in user (clecardona@gmail.com)
[debug] [2021-06-17T09:17:31.305Z] [iam] checking project instyle-3f5f5 for permissions ["firebase.projects.get","firebasehosting.sites.update"]
[debug] [2021-06-17T09:17:31.309Z] > refreshing access token with scopes: ["email","https://www.googleapis.com/auth/cloud-platform","https://www.googleapis.com/auth/cloudplatformprojects.readonly","https://www.googleapis.com/auth/firebase","openid"]
[debug] [2021-06-17T09:17:31.310Z] >>> HTTP REQUEST POST https://www.googleapis.com/oauth2/v3/token  
 <request body omitted>
[debug] [2021-06-17T09:17:32.050Z] <<< HTTP RESPONSE 200 {"expires":"Mon, 01 Jan 1990 00:00:00 GMT","pragma":"no-cache","date":"Thu, 17 Jun 2021 09:17:31 GMT","cache-control":"no-cache, no-store, max-age=0, must-revalidate","content-type":"application/json; charset=utf-8","vary":"X-Origin, Referer, Origin,Accept-Encoding","server":"scaffolding on HTTPServer2","x-xss-protection":"0","x-frame-options":"SAMEORIGIN","x-content-type-options":"nosniff","alt-svc":"h3=\":443\"; ma=2592000,h3-29=\":443\"; ma=2592000,h3-T051=\":443\"; ma=2592000,h3-Q050=\":443\"; ma=2592000,h3-Q046=\":443\"; ma=2592000,h3-Q043=\":443\"; ma=2592000,quic=\":443\"; ma=2592000; v=\"46,43\"","accept-ranges":"none","transfer-encoding":"chunked"}
[debug] [2021-06-17T09:17:32.073Z] >>> HTTP REQUEST POST https://cloudresourcemanager.googleapis.com/v1/projects/instyle-3f5f5:testIamPermissions  
 {"permissions":["firebase.projects.get","firebasehosting.sites.update"]}
[debug] [2021-06-17T09:17:33.310Z] <<< HTTP RESPONSE 200 {"content-type":"application/json; charset=UTF-8","vary":"X-Origin, Referer, Origin,Accept-Encoding","date":"Thu, 17 Jun 2021 09:17:33 GMT","server":"ESF","cache-control":"private","x-xss-protection":"0","x-frame-options":"SAMEORIGIN","x-content-type-options":"nosniff","server-timing":"gfet4t7; dur=720","alt-svc":"h3=\":443\"; ma=2592000,h3-29=\":443\"; ma=2592000,h3-T051=\":443\"; ma=2592000,h3-Q050=\":443\"; ma=2592000,h3-Q046=\":443\"; ma=2592000,h3-Q043=\":443\"; ma=2592000,quic=\":443\"; ma=2592000; v=\"46,43\"","accept-ranges":"none","transfer-encoding":"chunked"}
[debug] [2021-06-17T09:17:33.312Z] > refreshing access token with scopes: []
[debug] [2021-06-17T09:17:33.313Z] >>> HTTP REQUEST POST https://www.googleapis.com/oauth2/v3/token  
 <request body omitted>
[debug] [2021-06-17T09:17:33.479Z] <<< HTTP RESPONSE 200 {"cache-control":"no-cache, no-store, max-age=0, must-revalidate","expires":"Mon, 01 Jan 1990 00:00:00 GMT","pragma":"no-cache","date":"Thu, 17 Jun 2021 09:17:33 GMT","content-type":"application/json; charset=utf-8","vary":"X-Origin, Referer, Origin,Accept-Encoding","server":"scaffolding on HTTPServer2","x-xss-protection":"0","x-frame-options":"SAMEORIGIN","x-content-type-options":"nosniff","alt-svc":"h3=\":443\"; ma=2592000,h3-29=\":443\"; ma=2592000,h3-T051=\":443\"; ma=2592000,h3-Q050=\":443\"; ma=2592000,h3-Q046=\":443\"; ma=2592000,h3-Q043=\":443\"; ma=2592000,quic=\":443\"; ma=2592000; v=\"46,43\"","accept-ranges":"none","transfer-encoding":"chunked"}
[debug] [2021-06-17T09:17:33.500Z] >>> [apiv2][query] GET https://firebase.googleapis.com/v1beta1/projects/instyle-3f5f5 [none]
[debug] [2021-06-17T09:17:33.827Z] <<< [apiv2][status] GET https://firebase.googleapis.com/v1beta1/projects/instyle-3f5f5 200
[debug] [2021-06-17T09:17:33.827Z] <<< [apiv2][body] GET https://firebase.googleapis.com/v1beta1/projects/instyle-3f5f5 {"projectId":"instyle-3f5f5","projectNumber":"8399215605","displayName":"inStyle","name":"projects/instyle-3f5f5","resources":{"hostingSite":"instyle-3f5f5","realtimeDatabaseInstance":"instyle-3f5f5-default-rtdb"},"state":"ACTIVE"}
[info] 
[info] === Deploying to 'instyle-3f5f5'...
[info] 
[info] i  deploying hosting 
[debug] [2021-06-17T09:17:33.831Z] > refreshing access token with scopes: ["email","https://www.googleapis.com/auth/cloud-platform","https://www.googleapis.com/auth/cloudplatformprojects.readonly","https://www.googleapis.com/auth/firebase","openid"]
[debug] [2021-06-17T09:17:33.831Z] >>> HTTP REQUEST POST https://www.googleapis.com/oauth2/v3/token  
 <request body omitted>
[debug] [2021-06-17T09:17:34.014Z] <<< HTTP RESPONSE 200 {"pragma":"no-cache","date":"Thu, 17 Jun 2021 09:17:34 GMT","cache-control":"no-cache, no-store, max-age=0, must-revalidate","expires":"Mon, 01 Jan 1990 00:00:00 GMT","content-type":"application/json; charset=utf-8","vary":"X-Origin, Referer, Origin,Accept-Encoding","server":"scaffolding on HTTPServer2","x-xss-protection":"0","x-frame-options":"SAMEORIGIN","x-content-type-options":"nosniff","alt-svc":"h3=\":443\"; ma=2592000,h3-29=\":443\"; ma=2592000,h3-T051=\":443\"; ma=2592000,h3-Q050=\":443\"; ma=2592000,h3-Q046=\":443\"; ma=2592000,h3-Q043=\":443\"; ma=2592000,quic=\":443\"; ma=2592000; v=\"46,43\"","accept-ranges":"none","transfer-encoding":"chunked"}
[debug] [2021-06-17T09:17:34.035Z] >>> HTTP REQUEST POST https://firebasehosting.googleapis.com/v1beta1/sites/instyle-3f5f5/versions  
 {"config":{},"labels":{"deployment-tool":"cli-firebase"}}
[debug] [2021-06-17T09:17:35.884Z] <<< HTTP RESPONSE 200 {"content-type":"application/json; charset=UTF-8","vary":"X-Origin, Referer, Origin,Accept-Encoding","date":"Thu, 17 Jun 2021 09:17:35 GMT","server":"ESF","cache-control":"private","x-xss-protection":"0","x-frame-options":"SAMEORIGIN","x-content-type-options":"nosniff","alt-svc":"h3=\":443\"; ma=2592000,h3-29=\":443\"; ma=2592000,h3-T051=\":443\"; ma=2592000,h3-Q050=\":443\"; ma=2592000,h3-Q046=\":443\"; ma=2592000,h3-Q043=\":443\"; ma=2592000,quic=\":443\"; ma=2592000; v=\"46,43\"","accept-ranges":"none","transfer-encoding":"chunked"}
[info] i  hosting[instyle-3f5f5]: beginning deploy... 
[info] i  hosting[instyle-3f5f5]: found 25 files in build 
[debug] [2021-06-17T09:17:35.906Z] [hosting] hash cache [YnVpbGQ] not populated
[debug] [2021-06-17T09:17:37.175Z] > refreshing access token with scopes: []
[debug] [2021-06-17T09:17:37.176Z] >>> HTTP REQUEST POST https://www.googleapis.com/oauth2/v3/token  
 <request body omitted>
[debug] [2021-06-17T09:17:37.177Z] [hosting] hash cache [YnVpbGQ] stored for 25 files
[debug] [2021-06-17T09:17:37.177Z] [hosting][hash queue][FINAL] {"max":1257,"min":40,"avg":143.16,"active":0,"complete":25,"success":25,"errored":0,"retried":0,"total":25,"elapsed":1270}
[debug] [2021-06-17T09:17:37.333Z] <<< HTTP RESPONSE 200 {"cache-control":"no-cache, no-store, max-age=0, must-revalidate","pragma":"no-cache","date":"Thu, 17 Jun 2021 09:17:37 GMT","expires":"Mon, 01 Jan 1990 00:00:00 GMT","content-type":"application/json; charset=utf-8","vary":"X-Origin, Referer, Origin,Accept-Encoding","server":"scaffolding on HTTPServer2","x-xss-protection":"0","x-frame-options":"SAMEORIGIN","x-content-type-options":"nosniff","alt-svc":"h3=\":443\"; ma=2592000,h3-29=\":443\"; ma=2592000,h3-T051=\":443\"; ma=2592000,h3-Q050=\":443\"; ma=2592000,h3-Q046=\":443\"; ma=2592000,h3-Q043=\":443\"; ma=2592000,quic=\":443\"; ma=2592000; v=\"46,43\"","accept-ranges":"none","transfer-encoding":"chunked"}
[debug] [2021-06-17T09:17:37.352Z] >>> [apiv2][query] POST https://firebasehosting.googleapis.com/v1beta1/sites/instyle-3f5f5/versions/a809db139500c213:populateFiles [none]
[debug] [2021-06-17T09:17:37.352Z] >>> [apiv2][body] POST https://firebasehosting.googleapis.com/v1beta1/sites/instyle-3f5f5/versions/a809db139500c213:populateFiles {"files":{"/asset-manifest.json":"555147c0e77458f9d0c1c3418acb956909d2e0f1734b8c331be8a2c644a4dea8","/favicon.ico":"07dfab4bceb5d239083a80a876dc1ab4ac0241740da8756c4576d7c0864996cb","/index.html":"3e49b166ab5147740d8c5347d2117b11adca8db5d2e879dce4387d4790e0eae2","/logo192.png":"caff018b7f1e8fd481eb1c50d75b0ef236bcd5078b1d15c8bb348453fee30293","/logo512.png":"191fc21360b4ccfb1cda11a1efb97f489ed22672ca83f4064316802bbfdd750e","/manifest.json":"341d52628782f8ac9290bbfc43298afccb47b7cbfcee146ae30cf0f46bc30900","/robots.txt":"391d14b3c2f8c9143a27a28c7399585142228d4d1bdbe2c87ac946de411fa9a2","/static/js/2.5dbf2ef5.chunk.js.LICENSE.txt":"8169e069707939b6a047eefe358cd349e5a7d1b410de04c5671edbbb1bb4f701","/static/js/runtime-main.cc85cbe0.js":"aaa36cdc4cb7290d862ad9acf312f48ef17443ff9b160d8aa7e9438cc5c7009a","/static/js/runtime-main.cc85cbe0.js.map":"278f7682e250468fb8ec2c61114225d7b5ec2f560009402253ac903cb8233a10","/static/media/crown.4ddf0260.svg":"479977d98994a88c696cd07874f15dcc6ba332c2ebe64c6f1c9a6698aaf23f98","/static/media/git.b9d90711.svg":"51068acd5581719d27938b4d54e18fb658f770448bd2d5f151857fefc22fd346","/static/media/instyle.fd6a23a8.svg":"393c40ff5c17b107302d58f8e6a8b2877097fc50ac591de395bb4d08f2e84b9d","/static/media/pen.511d02c1.svg":"aebb717c566329050696f3662a683dc01ccf8fdf52feccfe4d643fababeaef42","/static/media/signout.1612b916.svg":"9afa64788f1c820ccb5ba60e94325d8c4d8e9906af1c174651117715e8247023","/static/media/telescope.8ce5e4d9.svg":"af279d40f30994c8bdf53f5c2d3c8caa56d727a1932a041c9ff6ec59140fc654","/static/media/vote.b2d1f472.svg":"ac88875d1baa10104cc13e76f243a8437debcc2be8b250ea6bf927c16c562846","/static/media/woman.05242306.svg":"f953ba636733a3df20ec1e5a60339411100d4187b85fb9f2709a971f7ec0122b","/static/css/main.cd41ecb4.chunk.css":"1d1fb3bd92760fa630ec194f54862e09067f4dc553311ed6489cc01503e90d34","/static/css/main.cd41ecb4.chunk.css.map":"159cd29b220d9f37a01fed0c0670c87ece755bb4e92d8395cf5375fe8e2e0367","/static/js/main.843c8488.chunk.js.map":"e66afb5276902c2b2069ac757ebfd721e59cdd9518b8e34faea0ee30d81d2193","/static/js/main.843c8488.chunk.js":"f14a4a239738c8e81349d722fc2536969d140e7af901d0b00235663064f4fd84","/static/js/2.5dbf2ef5.chunk.js":"ef61233e9c056a4641679294df230ebbc63492b824b2a3a3915b50a8d8b2d45b","/static/js/2.5dbf2ef5.chunk.js.map":"0ec7b0769bfdbbd4c61a99c361635bbe1202546a2c606a0506e0463fae42fa68","/static/media/landingBackground.52190520.gif":"9303aa8512b6c2c9545bfa9f064eb7bcd70a91b491075ed5927ddf51deb4d5d2"}}
[debug] [2021-06-17T09:17:38.510Z] <<< [apiv2][status] POST https://firebasehosting.googleapis.com/v1beta1/sites/instyle-3f5f5/versions/a809db139500c213:populateFiles 200
[debug] [2021-06-17T09:17:38.510Z] <<< [apiv2][body] POST https://firebasehosting.googleapis.com/v1beta1/sites/instyle-3f5f5/versions/a809db139500c213:populateFiles {"uploadRequiredHashes":["159cd29b220d9f37a01fed0c0670c87ece755bb4e92d8395cf5375fe8e2e0367","f953ba636733a3df20ec1e5a60339411100d4187b85fb9f2709a971f7ec0122b","9303aa8512b6c2c9545bfa9f064eb7bcd70a91b491075ed5927ddf51deb4d5d2","3e49b166ab5147740d8c5347d2117b11adca8db5d2e879dce4387d4790e0eae2","278f7682e250468fb8ec2c61114225d7b5ec2f560009402253ac903cb8233a10","af279d40f30994c8bdf53f5c2d3c8caa56d727a1932a041c9ff6ec59140fc654","9afa64788f1c820ccb5ba60e94325d8c4d8e9906af1c174651117715e8247023","ac88875d1baa10104cc13e76f243a8437debcc2be8b250ea6bf927c16c562846","479977d98994a88c696cd07874f15dcc6ba332c2ebe64c6f1c9a6698aaf23f98","0ec7b0769bfdbbd4c61a99c361635bbe1202546a2c606a0506e0463fae42fa68","caff018b7f1e8fd481eb1c50d75b0ef236bcd5078b1d15c8bb348453fee30293","393c40ff5c17b107302d58f8e6a8b2877097fc50ac591de395bb4d08f2e84b9d","aaa36cdc4cb7290d862ad9acf312f48ef17443ff9b160d8aa7e9438cc5c7009a","8169e069707939b6a047eefe358cd349e5a7d1b410de04c5671edbbb1bb4f701","555147c0e77458f9d0c1c3418acb956909d2e0f1734b8c331be8a2c644a4dea8","191fc21360b4ccfb1cda11a1efb97f489ed22672ca83f4064316802bbfdd750e","51068acd5581719d27938b4d54e18fb658f770448bd2d5f151857fefc22fd346","f14a4a239738c8e81349d722fc2536969d140e7af901d0b00235663064f4fd84","ef61233e9c056a4641679294df230ebbc63492b824b2a3a3915b50a8d8b2d45b","e66afb5276902c2b2069ac757ebfd721e59cdd9518b8e34faea0ee30d81d2193","aebb717c566329050696f3662a683dc01ccf8fdf52feccfe4d643fababeaef42","1d1fb3bd92760fa630ec194f54862e09067f4dc553311ed6489cc01503e90d34","07dfab4bceb5d239083a80a876dc1ab4ac0241740da8756c4576d7c0864996cb","391d14b3c2f8c9143a27a28c7399585142228d4d1bdbe2c87ac946de411fa9a2","341d52628782f8ac9290bbfc43298afccb47b7cbfcee146ae30cf0f46bc30900"],"uploadUrl":"https://upload-firebasehosting.googleapis.com/upload/sites/instyle-3f5f5/versions/a809db139500c213/files"}
[debug] [2021-06-17T09:17:38.519Z] >>> [apiv2][query] POST https://upload-firebasehosting.googleapis.com/upload/sites/instyle-3f5f5/versions/a809db139500c213/files/159cd29b220d9f37a01fed0c0670c87ece755bb4e92d8395cf5375fe8e2e0367 [none]
[debug] [2021-06-17T09:17:38.519Z] >>> [apiv2][body] POST https://upload-firebasehosting.googleapis.com/upload/sites/instyle-3f5f5/versions/a809db139500c213/files/159cd29b220d9f37a01fed0c0670c87ece755bb4e92d8395cf5375fe8e2e0367 [stream]
[debug] [2021-06-17T09:17:38.522Z] >>> [apiv2][query] POST https://upload-firebasehosting.googleapis.com/upload/sites/instyle-3f5f5/versions/a809db139500c213/files/f953ba636733a3df20ec1e5a60339411100d4187b85fb9f2709a971f7ec0122b [none]
[debug] [2021-06-17T09:17:38.522Z] >>> [apiv2][body] POST https://upload-firebasehosting.googleapis.com/upload/sites/instyle-3f5f5/versions/a809db139500c213/files/f953ba636733a3df20ec1e5a60339411100d4187b85fb9f2709a971f7ec0122b [stream]
[debug] [2021-06-17T09:17:38.523Z] >>> [apiv2][query] POST https://upload-firebasehosting.googleapis.com/upload/sites/instyle-3f5f5/versions/a809db139500c213/files/9303aa8512b6c2c9545bfa9f064eb7bcd70a91b491075ed5927ddf51deb4d5d2 [none]
[debug] [2021-06-17T09:17:38.523Z] >>> [apiv2][body] POST https://upload-firebasehosting.googleapis.com/upload/sites/instyle-3f5f5/versions/a809db139500c213/files/9303aa8512b6c2c9545bfa9f064eb7bcd70a91b491075ed5927ddf51deb4d5d2 [stream]
[debug] [2021-06-17T09:17:38.525Z] >>> [apiv2][query] POST https://upload-firebasehosting.googleapis.com/upload/sites/instyle-3f5f5/versions/a809db139500c213/files/3e49b166ab5147740d8c5347d2117b11adca8db5d2e879dce4387d4790e0eae2 [none]
[debug] [2021-06-17T09:17:38.525Z] >>> [apiv2][body] POST https://upload-firebasehosting.googleapis.com/upload/sites/instyle-3f5f5/versions/a809db139500c213/files/3e49b166ab5147740d8c5347d2117b11adca8db5d2e879dce4387d4790e0eae2 [stream]
[debug] [2021-06-17T09:17:38.526Z] >>> [apiv2][query] POST https://upload-firebasehosting.googleapis.com/upload/sites/instyle-3f5f5/versions/a809db139500c213/files/278f7682e250468fb8ec2c61114225d7b5ec2f560009402253ac903cb8233a10 [none]
[debug] [2021-06-17T09:17:38.527Z] >>> [apiv2][body] POST https://upload-firebasehosting.googleapis.com/upload/sites/instyle-3f5f5/versions/a809db139500c213/files/278f7682e250468fb8ec2c61114225d7b5ec2f560009402253ac903cb8233a10 [stream]
[debug] [2021-06-17T09:17:38.527Z] >>> [apiv2][query] POST https://upload-firebasehosting.googleapis.com/upload/sites/instyle-3f5f5/versions/a809db139500c213/files/af279d40f30994c8bdf53f5c2d3c8caa56d727a1932a041c9ff6ec59140fc654 [none]
[debug] [2021-06-17T09:17:38.527Z] >>> [apiv2][body] POST https://upload-firebasehosting.googleapis.com/upload/sites/instyle-3f5f5/versions/a809db139500c213/files/af279d40f30994c8bdf53f5c2d3c8caa56d727a1932a041c9ff6ec59140fc654 [stream]
[debug] [2021-06-17T09:17:38.528Z] >>> [apiv2][query] POST https://upload-firebasehosting.googleapis.com/upload/sites/instyle-3f5f5/versions/a809db139500c213/files/9afa64788f1c820ccb5ba60e94325d8c4d8e9906af1c174651117715e8247023 [none]
[debug] [2021-06-17T09:17:38.528Z] >>> [apiv2][body] POST https://upload-firebasehosting.googleapis.com/upload/sites/instyle-3f5f5/versions/a809db139500c213/files/9afa64788f1c820ccb5ba60e94325d8c4d8e9906af1c174651117715e8247023 [stream]
[debug] [2021-06-17T09:17:38.529Z] >>> [apiv2][query] POST https://upload-firebasehosting.googleapis.com/upload/sites/instyle-3f5f5/versions/a809db139500c213/files/ac88875d1baa10104cc13e76f243a8437debcc2be8b250ea6bf927c16c562846 [none]
[debug] [2021-06-17T09:17:38.529Z] >>> [apiv2][body] POST https://upload-firebasehosting.googleapis.com/upload/sites/instyle-3f5f5/versions/a809db139500c213/files/ac88875d1baa10104cc13e76f243a8437debcc2be8b250ea6bf927c16c562846 [stream]
[debug] [2021-06-17T09:17:38.529Z] >>> [apiv2][query] POST https://upload-firebasehosting.googleapis.com/upload/sites/instyle-3f5f5/versions/a809db139500c213/files/479977d98994a88c696cd07874f15dcc6ba332c2ebe64c6f1c9a6698aaf23f98 [none]
[debug] [2021-06-17T09:17:38.530Z] >>> [apiv2][body] POST https://upload-firebasehosting.googleapis.com/upload/sites/instyle-3f5f5/versions/a809db139500c213/files/479977d98994a88c696cd07874f15dcc6ba332c2ebe64c6f1c9a6698aaf23f98 [stream]
[debug] [2021-06-17T09:17:38.530Z] >>> [apiv2][query] POST https://upload-firebasehosting.googleapis.com/upload/sites/instyle-3f5f5/versions/a809db139500c213/files/0ec7b0769bfdbbd4c61a99c361635bbe1202546a2c606a0506e0463fae42fa68 [none]
[debug] [2021-06-17T09:17:38.530Z] >>> [apiv2][body] POST https://upload-firebasehosting.googleapis.com/upload/sites/instyle-3f5f5/versions/a809db139500c213/files/0ec7b0769bfdbbd4c61a99c361635bbe1202546a2c606a0506e0463fae42fa68 [stream]
[debug] [2021-06-17T09:17:38.531Z] >>> [apiv2][query] POST https://upload-firebasehosting.googleapis.com/upload/sites/instyle-3f5f5/versions/a809db139500c213/files/caff018b7f1e8fd481eb1c50d75b0ef236bcd5078b1d15c8bb348453fee30293 [none]
[debug] [2021-06-17T09:17:38.531Z] >>> [apiv2][body] POST https://upload-firebasehosting.googleapis.com/upload/sites/instyle-3f5f5/versions/a809db139500c213/files/caff018b7f1e8fd481eb1c50d75b0ef236bcd5078b1d15c8bb348453fee30293 [stream]
[debug] [2021-06-17T09:17:38.532Z] >>> [apiv2][query] POST https://upload-firebasehosting.googleapis.com/upload/sites/instyle-3f5f5/versions/a809db139500c213/files/393c40ff5c17b107302d58f8e6a8b2877097fc50ac591de395bb4d08f2e84b9d [none]
[debug] [2021-06-17T09:17:38.532Z] >>> [apiv2][body] POST https://upload-firebasehosting.googleapis.com/upload/sites/instyle-3f5f5/versions/a809db139500c213/files/393c40ff5c17b107302d58f8e6a8b2877097fc50ac591de395bb4d08f2e84b9d [stream]
[debug] [2021-06-17T09:17:38.532Z] >>> [apiv2][query] POST https://upload-firebasehosting.googleapis.com/upload/sites/instyle-3f5f5/versions/a809db139500c213/files/aaa36cdc4cb7290d862ad9acf312f48ef17443ff9b160d8aa7e9438cc5c7009a [none]
[debug] [2021-06-17T09:17:38.532Z] >>> [apiv2][body] POST https://upload-firebasehosting.googleapis.com/upload/sites/instyle-3f5f5/versions/a809db139500c213/files/aaa36cdc4cb7290d862ad9acf312f48ef17443ff9b160d8aa7e9438cc5c7009a [stream]
[debug] [2021-06-17T09:17:38.536Z] >>> [apiv2][query] POST https://upload-firebasehosting.googleapis.com/upload/sites/instyle-3f5f5/versions/a809db139500c213/files/8169e069707939b6a047eefe358cd349e5a7d1b410de04c5671edbbb1bb4f701 [none]
[debug] [2021-06-17T09:17:38.536Z] >>> [apiv2][body] POST https://upload-firebasehosting.googleapis.com/upload/sites/instyle-3f5f5/versions/a809db139500c213/files/8169e069707939b6a047eefe358cd349e5a7d1b410de04c5671edbbb1bb4f701 [stream]
[debug] [2021-06-17T09:17:38.536Z] >>> [apiv2][query] POST https://upload-firebasehosting.googleapis.com/upload/sites/instyle-3f5f5/versions/a809db139500c213/files/555147c0e77458f9d0c1c3418acb956909d2e0f1734b8c331be8a2c644a4dea8 [none]
[debug] [2021-06-17T09:17:38.536Z] >>> [apiv2][body] POST https://upload-firebasehosting.googleapis.com/upload/sites/instyle-3f5f5/versions/a809db139500c213/files/555147c0e77458f9d0c1c3418acb956909d2e0f1734b8c331be8a2c644a4dea8 [stream]
[debug] [2021-06-17T09:17:38.537Z] >>> [apiv2][query] POST https://upload-firebasehosting.googleapis.com/upload/sites/instyle-3f5f5/versions/a809db139500c213/files/191fc21360b4ccfb1cda11a1efb97f489ed22672ca83f4064316802bbfdd750e [none]
[debug] [2021-06-17T09:17:38.537Z] >>> [apiv2][body] POST https://upload-firebasehosting.googleapis.com/upload/sites/instyle-3f5f5/versions/a809db139500c213/files/191fc21360b4ccfb1cda11a1efb97f489ed22672ca83f4064316802bbfdd750e [stream]
[debug] [2021-06-17T09:17:38.538Z] >>> [apiv2][query] POST https://upload-firebasehosting.googleapis.com/upload/sites/instyle-3f5f5/versions/a809db139500c213/files/51068acd5581719d27938b4d54e18fb658f770448bd2d5f151857fefc22fd346 [none]
[debug] [2021-06-17T09:17:38.538Z] >>> [apiv2][body] POST https://upload-firebasehosting.googleapis.com/upload/sites/instyle-3f5f5/versions/a809db139500c213/files/51068acd5581719d27938b4d54e18fb658f770448bd2d5f151857fefc22fd346 [stream]
[debug] [2021-06-17T09:17:38.538Z] >>> [apiv2][query] POST https://upload-firebasehosting.googleapis.com/upload/sites/instyle-3f5f5/versions/a809db139500c213/files/f14a4a239738c8e81349d722fc2536969d140e7af901d0b00235663064f4fd84 [none]
[debug] [2021-06-17T09:17:38.538Z] >>> [apiv2][body] POST https://upload-firebasehosting.googleapis.com/upload/sites/instyle-3f5f5/versions/a809db139500c213/files/f14a4a239738c8e81349d722fc2536969d140e7af901d0b00235663064f4fd84 [stream]
[debug] [2021-06-17T09:17:38.539Z] >>> [apiv2][query] POST https://upload-firebasehosting.googleapis.com/upload/sites/instyle-3f5f5/versions/a809db139500c213/files/ef61233e9c056a4641679294df230ebbc63492b824b2a3a3915b50a8d8b2d45b [none]
[debug] [2021-06-17T09:17:38.539Z] >>> [apiv2][body] POST https://upload-firebasehosting.googleapis.com/upload/sites/instyle-3f5f5/versions/a809db139500c213/files/ef61233e9c056a4641679294df230ebbc63492b824b2a3a3915b50a8d8b2d45b [stream]
[debug] [2021-06-17T09:17:38.540Z] >>> [apiv2][query] POST https://upload-firebasehosting.googleapis.com/upload/sites/instyle-3f5f5/versions/a809db139500c213/files/e66afb5276902c2b2069ac757ebfd721e59cdd9518b8e34faea0ee30d81d2193 [none]
[debug] [2021-06-17T09:17:38.540Z] >>> [apiv2][body] POST https://upload-firebasehosting.googleapis.com/upload/sites/instyle-3f5f5/versions/a809db139500c213/files/e66afb5276902c2b2069ac757ebfd721e59cdd9518b8e34faea0ee30d81d2193 [stream]
[debug] [2021-06-17T09:17:38.540Z] >>> [apiv2][query] POST https://upload-firebasehosting.googleapis.com/upload/sites/instyle-3f5f5/versions/a809db139500c213/files/aebb717c566329050696f3662a683dc01ccf8fdf52feccfe4d643fababeaef42 [none]
[debug] [2021-06-17T09:17:38.540Z] >>> [apiv2][body] POST https://upload-firebasehosting.googleapis.com/upload/sites/instyle-3f5f5/versions/a809db139500c213/files/aebb717c566329050696f3662a683dc01ccf8fdf52feccfe4d643fababeaef42 [stream]
[debug] [2021-06-17T09:17:38.541Z] >>> [apiv2][query] POST https://upload-firebasehosting.googleapis.com/upload/sites/instyle-3f5f5/versions/a809db139500c213/files/1d1fb3bd92760fa630ec194f54862e09067f4dc553311ed6489cc01503e90d34 [none]
[debug] [2021-06-17T09:17:38.541Z] >>> [apiv2][body] POST https://upload-firebasehosting.googleapis.com/upload/sites/instyle-3f5f5/versions/a809db139500c213/files/1d1fb3bd92760fa630ec194f54862e09067f4dc553311ed6489cc01503e90d34 [stream]
[debug] [2021-06-17T09:17:38.541Z] >>> [apiv2][query] POST https://upload-firebasehosting.googleapis.com/upload/sites/instyle-3f5f5/versions/a809db139500c213/files/07dfab4bceb5d239083a80a876dc1ab4ac0241740da8756c4576d7c0864996cb [none]
[debug] [2021-06-17T09:17:38.542Z] >>> [apiv2][body] POST https://upload-firebasehosting.googleapis.com/upload/sites/instyle-3f5f5/versions/a809db139500c213/files/07dfab4bceb5d239083a80a876dc1ab4ac0241740da8756c4576d7c0864996cb [stream]
[debug] [2021-06-17T09:17:38.542Z] >>> [apiv2][query] POST https://upload-firebasehosting.googleapis.com/upload/sites/instyle-3f5f5/versions/a809db139500c213/files/391d14b3c2f8c9143a27a28c7399585142228d4d1bdbe2c87ac946de411fa9a2 [none]
[debug] [2021-06-17T09:17:38.542Z] >>> [apiv2][body] POST https://upload-firebasehosting.googleapis.com/upload/sites/instyle-3f5f5/versions/a809db139500c213/files/391d14b3c2f8c9143a27a28c7399585142228d4d1bdbe2c87ac946de411fa9a2 [stream]
[debug] [2021-06-17T09:17:38.543Z] >>> [apiv2][query] POST https://upload-firebasehosting.googleapis.com/upload/sites/instyle-3f5f5/versions/a809db139500c213/files/341d52628782f8ac9290bbfc43298afccb47b7cbfcee146ae30cf0f46bc30900 [none]
[debug] [2021-06-17T09:17:38.543Z] >>> [apiv2][body] POST https://upload-firebasehosting.googleapis.com/upload/sites/instyle-3f5f5/versions/a809db139500c213/files/341d52628782f8ac9290bbfc43298afccb47b7cbfcee146ae30cf0f46bc30900 [stream]
[debug] [2021-06-17T09:17:38.543Z] [hosting][populate queue][FINAL] {"max":1344,"min":1344,"avg":1344,"active":0,"complete":1,"success":1,"errored":0,"retried":0,"total":1,"elapsed":1368}
[debug] [2021-06-17T09:17:38.544Z] [hosting] uploads queued: 25
[debug] [2021-06-17T09:17:40.963Z] <<< [apiv2][status] POST https://upload-firebasehosting.googleapis.com/upload/sites/instyle-3f5f5/versions/a809db139500c213/files/aebb717c566329050696f3662a683dc01ccf8fdf52feccfe4d643fababeaef42 200
[debug] [2021-06-17T09:17:40.963Z] <<< [apiv2][body] POST https://upload-firebasehosting.googleapis.com/upload/sites/instyle-3f5f5/versions/a809db139500c213/files/aebb717c566329050696f3662a683dc01ccf8fdf52feccfe4d643fababeaef42 [stream]
[debug] [2021-06-17T09:17:40.974Z] <<< [apiv2][status] POST https://upload-firebasehosting.googleapis.com/upload/sites/instyle-3f5f5/versions/a809db139500c213/files/479977d98994a88c696cd07874f15dcc6ba332c2ebe64c6f1c9a6698aaf23f98 200
[debug] [2021-06-17T09:17:40.974Z] <<< [apiv2][body] POST https://upload-firebasehosting.googleapis.com/upload/sites/instyle-3f5f5/versions/a809db139500c213/files/479977d98994a88c696cd07874f15dcc6ba332c2ebe64c6f1c9a6698aaf23f98 [stream]
[debug] [2021-06-17T09:17:40.988Z] <<< [apiv2][status] POST https://upload-firebasehosting.googleapis.com/upload/sites/instyle-3f5f5/versions/a809db139500c213/files/f953ba636733a3df20ec1e5a60339411100d4187b85fb9f2709a971f7ec0122b 200
[debug] [2021-06-17T09:17:40.988Z] <<< [apiv2][body] POST https://upload-firebasehosting.googleapis.com/upload/sites/instyle-3f5f5/versions/a809db139500c213/files/f953ba636733a3df20ec1e5a60339411100d4187b85fb9f2709a971f7ec0122b [stream]
[debug] [2021-06-17T09:17:41.009Z] <<< [apiv2][status] POST https://upload-firebasehosting.googleapis.com/upload/sites/instyle-3f5f5/versions/a809db139500c213/files/af279d40f30994c8bdf53f5c2d3c8caa56d727a1932a041c9ff6ec59140fc654 200
[debug] [2021-06-17T09:17:41.010Z] <<< [apiv2][body] POST https://upload-firebasehosting.googleapis.com/upload/sites/instyle-3f5f5/versions/a809db139500c213/files/af279d40f30994c8bdf53f5c2d3c8caa56d727a1932a041c9ff6ec59140fc654 [stream]
[debug] [2021-06-17T09:17:41.014Z] <<< [apiv2][status] POST https://upload-firebasehosting.googleapis.com/upload/sites/instyle-3f5f5/versions/a809db139500c213/files/aaa36cdc4cb7290d862ad9acf312f48ef17443ff9b160d8aa7e9438cc5c7009a 200
[debug] [2021-06-17T09:17:41.014Z] <<< [apiv2][body] POST https://upload-firebasehosting.googleapis.com/upload/sites/instyle-3f5f5/versions/a809db139500c213/files/aaa36cdc4cb7290d862ad9acf312f48ef17443ff9b160d8aa7e9438cc5c7009a [stream]
[debug] [2021-06-17T09:17:41.115Z] <<< [apiv2][status] POST https://upload-firebasehosting.googleapis.com/upload/sites/instyle-3f5f5/versions/a809db139500c213/files/341d52628782f8ac9290bbfc43298afccb47b7cbfcee146ae30cf0f46bc30900 200
[debug] [2021-06-17T09:17:41.115Z] <<< [apiv2][body] POST https://upload-firebasehosting.googleapis.com/upload/sites/instyle-3f5f5/versions/a809db139500c213/files/341d52628782f8ac9290bbfc43298afccb47b7cbfcee146ae30cf0f46bc30900 [stream]
[debug] [2021-06-17T09:17:41.129Z] <<< [apiv2][status] POST https://upload-firebasehosting.googleapis.com/upload/sites/instyle-3f5f5/versions/a809db139500c213/files/555147c0e77458f9d0c1c3418acb956909d2e0f1734b8c331be8a2c644a4dea8 200
[debug] [2021-06-17T09:17:41.129Z] <<< [apiv2][body] POST https://upload-firebasehosting.googleapis.com/upload/sites/instyle-3f5f5/versions/a809db139500c213/files/555147c0e77458f9d0c1c3418acb956909d2e0f1734b8c331be8a2c644a4dea8 [stream]
[debug] [2021-06-17T09:17:41.243Z] <<< [apiv2][status] POST https://upload-firebasehosting.googleapis.com/upload/sites/instyle-3f5f5/versions/a809db139500c213/files/07dfab4bceb5d239083a80a876dc1ab4ac0241740da8756c4576d7c0864996cb 200
[debug] [2021-06-17T09:17:41.243Z] <<< [apiv2][body] POST https://upload-firebasehosting.googleapis.com/upload/sites/instyle-3f5f5/versions/a809db139500c213/files/07dfab4bceb5d239083a80a876dc1ab4ac0241740da8756c4576d7c0864996cb [stream]
[debug] [2021-06-17T09:17:41.341Z] <<< [apiv2][status] POST https://upload-firebasehosting.googleapis.com/upload/sites/instyle-3f5f5/versions/a809db139500c213/files/ac88875d1baa10104cc13e76f243a8437debcc2be8b250ea6bf927c16c562846 200
[debug] [2021-06-17T09:17:41.341Z] <<< [apiv2][body] POST https://upload-firebasehosting.googleapis.com/upload/sites/instyle-3f5f5/versions/a809db139500c213/files/ac88875d1baa10104cc13e76f243a8437debcc2be8b250ea6bf927c16c562846 [stream]
[debug] [2021-06-17T09:17:41.355Z] <<< [apiv2][status] POST https://upload-firebasehosting.googleapis.com/upload/sites/instyle-3f5f5/versions/a809db139500c213/files/278f7682e250468fb8ec2c61114225d7b5ec2f560009402253ac903cb8233a10 200
[debug] [2021-06-17T09:17:41.355Z] <<< [apiv2][body] POST https://upload-firebasehosting.googleapis.com/upload/sites/instyle-3f5f5/versions/a809db139500c213/files/278f7682e250468fb8ec2c61114225d7b5ec2f560009402253ac903cb8233a10 [stream]
[debug] [2021-06-17T09:17:41.380Z] <<< [apiv2][status] POST https://upload-firebasehosting.googleapis.com/upload/sites/instyle-3f5f5/versions/a809db139500c213/files/8169e069707939b6a047eefe358cd349e5a7d1b410de04c5671edbbb1bb4f701 200
[debug] [2021-06-17T09:17:41.380Z] <<< [apiv2][body] POST https://upload-firebasehosting.googleapis.com/upload/sites/instyle-3f5f5/versions/a809db139500c213/files/8169e069707939b6a047eefe358cd349e5a7d1b410de04c5671edbbb1bb4f701 [stream]
[debug] [2021-06-17T09:17:41.386Z] <<< [apiv2][status] POST https://upload-firebasehosting.googleapis.com/upload/sites/instyle-3f5f5/versions/a809db139500c213/files/caff018b7f1e8fd481eb1c50d75b0ef236bcd5078b1d15c8bb348453fee30293 200
[debug] [2021-06-17T09:17:41.387Z] <<< [apiv2][body] POST https://upload-firebasehosting.googleapis.com/upload/sites/instyle-3f5f5/versions/a809db139500c213/files/caff018b7f1e8fd481eb1c50d75b0ef236bcd5078b1d15c8bb348453fee30293 [stream]
[debug] [2021-06-17T09:17:41.387Z] <<< [apiv2][status] POST https://upload-firebasehosting.googleapis.com/upload/sites/instyle-3f5f5/versions/a809db139500c213/files/393c40ff5c17b107302d58f8e6a8b2877097fc50ac591de395bb4d08f2e84b9d 200
[debug] [2021-06-17T09:17:41.387Z] <<< [apiv2][body] POST https://upload-firebasehosting.googleapis.com/upload/sites/instyle-3f5f5/versions/a809db139500c213/files/393c40ff5c17b107302d58f8e6a8b2877097fc50ac591de395bb4d08f2e84b9d [stream]
[debug] [2021-06-17T09:17:41.430Z] <<< [apiv2][status] POST https://upload-firebasehosting.googleapis.com/upload/sites/instyle-3f5f5/versions/a809db139500c213/files/3e49b166ab5147740d8c5347d2117b11adca8db5d2e879dce4387d4790e0eae2 200
[debug] [2021-06-17T09:17:41.431Z] <<< [apiv2][body] POST https://upload-firebasehosting.googleapis.com/upload/sites/instyle-3f5f5/versions/a809db139500c213/files/3e49b166ab5147740d8c5347d2117b11adca8db5d2e879dce4387d4790e0eae2 [stream]
[debug] [2021-06-17T09:17:41.455Z] <<< [apiv2][status] POST https://upload-firebasehosting.googleapis.com/upload/sites/instyle-3f5f5/versions/a809db139500c213/files/9afa64788f1c820ccb5ba60e94325d8c4d8e9906af1c174651117715e8247023 200
[debug] [2021-06-17T09:17:41.456Z] <<< [apiv2][body] POST https://upload-firebasehosting.googleapis.com/upload/sites/instyle-3f5f5/versions/a809db139500c213/files/9afa64788f1c820ccb5ba60e94325d8c4d8e9906af1c174651117715e8247023 [stream]
[debug] [2021-06-17T09:17:41.512Z] <<< [apiv2][status] POST https://upload-firebasehosting.googleapis.com/upload/sites/instyle-3f5f5/versions/a809db139500c213/files/391d14b3c2f8c9143a27a28c7399585142228d4d1bdbe2c87ac946de411fa9a2 200
[debug] [2021-06-17T09:17:41.512Z] <<< [apiv2][body] POST https://upload-firebasehosting.googleapis.com/upload/sites/instyle-3f5f5/versions/a809db139500c213/files/391d14b3c2f8c9143a27a28c7399585142228d4d1bdbe2c87ac946de411fa9a2 [stream]
[debug] [2021-06-17T09:17:41.557Z] <<< [apiv2][status] POST https://upload-firebasehosting.googleapis.com/upload/sites/instyle-3f5f5/versions/a809db139500c213/files/1d1fb3bd92760fa630ec194f54862e09067f4dc553311ed6489cc01503e90d34 200
[debug] [2021-06-17T09:17:41.557Z] <<< [apiv2][body] POST https://upload-firebasehosting.googleapis.com/upload/sites/instyle-3f5f5/versions/a809db139500c213/files/1d1fb3bd92760fa630ec194f54862e09067f4dc553311ed6489cc01503e90d34 [stream]
[debug] [2021-06-17T09:17:41.605Z] <<< [apiv2][status] POST https://upload-firebasehosting.googleapis.com/upload/sites/instyle-3f5f5/versions/a809db139500c213/files/51068acd5581719d27938b4d54e18fb658f770448bd2d5f151857fefc22fd346 200
[debug] [2021-06-17T09:17:41.605Z] <<< [apiv2][body] POST https://upload-firebasehosting.googleapis.com/upload/sites/instyle-3f5f5/versions/a809db139500c213/files/51068acd5581719d27938b4d54e18fb658f770448bd2d5f151857fefc22fd346 [stream]
[debug] [2021-06-17T09:17:41.888Z] <<< [apiv2][status] POST https://upload-firebasehosting.googleapis.com/upload/sites/instyle-3f5f5/versions/a809db139500c213/files/159cd29b220d9f37a01fed0c0670c87ece755bb4e92d8395cf5375fe8e2e0367 200
[debug] [2021-06-17T09:17:41.888Z] <<< [apiv2][body] POST https://upload-firebasehosting.googleapis.com/upload/sites/instyle-3f5f5/versions/a809db139500c213/files/159cd29b220d9f37a01fed0c0670c87ece755bb4e92d8395cf5375fe8e2e0367 [stream]
[debug] [2021-06-17T09:17:42.082Z] <<< [apiv2][status] POST https://upload-firebasehosting.googleapis.com/upload/sites/instyle-3f5f5/versions/a809db139500c213/files/191fc21360b4ccfb1cda11a1efb97f489ed22672ca83f4064316802bbfdd750e 200
[debug] [2021-06-17T09:17:42.082Z] <<< [apiv2][body] POST https://upload-firebasehosting.googleapis.com/upload/sites/instyle-3f5f5/versions/a809db139500c213/files/191fc21360b4ccfb1cda11a1efb97f489ed22672ca83f4064316802bbfdd750e [stream]
[debug] [2021-06-17T09:17:44.416Z] <<< [apiv2][status] POST https://upload-firebasehosting.googleapis.com/upload/sites/instyle-3f5f5/versions/a809db139500c213/files/e66afb5276902c2b2069ac757ebfd721e59cdd9518b8e34faea0ee30d81d2193 200
[debug] [2021-06-17T09:17:44.416Z] <<< [apiv2][body] POST https://upload-firebasehosting.googleapis.com/upload/sites/instyle-3f5f5/versions/a809db139500c213/files/e66afb5276902c2b2069ac757ebfd721e59cdd9518b8e34faea0ee30d81d2193 [stream]
[debug] [2021-06-17T09:17:44.829Z] <<< [apiv2][status] POST https://upload-firebasehosting.googleapis.com/upload/sites/instyle-3f5f5/versions/a809db139500c213/files/f14a4a239738c8e81349d722fc2536969d140e7af901d0b00235663064f4fd84 200
[debug] [2021-06-17T09:17:44.829Z] <<< [apiv2][body] POST https://upload-firebasehosting.googleapis.com/upload/sites/instyle-3f5f5/versions/a809db139500c213/files/f14a4a239738c8e81349d722fc2536969d140e7af901d0b00235663064f4fd84 [stream]
[debug] [2021-06-17T09:17:54.252Z] <<< [apiv2][status] POST https://upload-firebasehosting.googleapis.com/upload/sites/instyle-3f5f5/versions/a809db139500c213/files/ef61233e9c056a4641679294df230ebbc63492b824b2a3a3915b50a8d8b2d45b 200
[debug] [2021-06-17T09:17:54.253Z] <<< [apiv2][body] POST https://upload-firebasehosting.googleapis.com/upload/sites/instyle-3f5f5/versions/a809db139500c213/files/ef61233e9c056a4641679294df230ebbc63492b824b2a3a3915b50a8d8b2d45b [stream]
[debug] [2021-06-17T09:18:27.051Z] <<< [apiv2][status] POST https://upload-firebasehosting.googleapis.com/upload/sites/instyle-3f5f5/versions/a809db139500c213/files/0ec7b0769bfdbbd4c61a99c361635bbe1202546a2c606a0506e0463fae42fa68 200
[debug] [2021-06-17T09:18:27.051Z] <<< [apiv2][body] POST https://upload-firebasehosting.googleapis.com/upload/sites/instyle-3f5f5/versions/a809db139500c213/files/0ec7b0769bfdbbd4c61a99c361635bbe1202546a2c606a0506e0463fae42fa68 [stream]
